<?xml version="1.0" encoding="UTF-8"?>
<!-- Generated by org.testng.reporters.JUnitXMLReporter -->
<testsuite ignored="0" hostname="LAPTOP-54CGIQF6" failures="0" tests="1" name="Test1" time="0.13" errors="0" timestamp="2023-08-15T00:12:25 GMT-07:00">
  <testcase classname="seleniumGrid.CrossBrowserUsingGrid" name="@BeforeMethod methodSetup" time="-1.692083545306E9">
    <failure type="org.testng.TestNGException" message="
Parameter &amp;apos;browser&amp;apos; is required by BeforeMethod on method methodSetup but has not been marked @Optional or defined
in C:\selinium\Advsel8\crossbrowserusinggrid.xml">
      <![CDATA[org.testng.TestNGException: 
Parameter 'browser' is required by BeforeMethod on method methodSetup but has not been marked @Optional or defined
in C:\selinium\Advsel8\crossbrowserusinggrid.xml
at java.base/java.util.ArrayList.forEach(ArrayList.java:1511)
at java.base/java.util.concurrent.FutureTask.run(FutureTask.java:264)
at java.base/java.util.concurrent.ThreadPoolExecutor.runWorker(ThreadPoolExecutor.java:1136)
at java.base/java.util.concurrent.ThreadPoolExecutor$Worker.run(ThreadPoolExecutor.java:635)
at java.base/java.lang.Thread.run(Thread.java:833)
... Removed 18 stack frames]]>
    </failure>
  </testcase> <!-- @BeforeMethod methodSetup -->
  <testcase classname="seleniumGrid.CrossBrowserUsingGrid" name="@BeforeMethod methodSetup" time="-1.692083545306E9">
    <failure type="org.testng.TestNGException" message="
Parameter &amp;apos;browser&amp;apos; is required by BeforeMethod on method methodSetup but has not been marked @Optional or defined
in C:\selinium\Advsel8\crossbrowserusinggrid.xml">
      <![CDATA[org.testng.TestNGException: 
Parameter 'browser' is required by BeforeMethod on method methodSetup but has not been marked @Optional or defined
in C:\selinium\Advsel8\crossbrowserusinggrid.xml
at java.base/java.util.ArrayList.forEach(ArrayList.java:1511)
at java.base/java.util.concurrent.FutureTask.run(FutureTask.java:264)
at java.base/java.util.concurrent.ThreadPoolExecutor.runWorker(ThreadPoolExecutor.java:1136)
at java.base/java.util.concurrent.ThreadPoolExecutor$Worker.run(ThreadPoolExecutor.java:635)
at java.base/java.lang.Thread.run(Thread.java:833)
... Removed 18 stack frames]]>
    </failure>
  </testcase> <!-- @BeforeMethod methodSetup -->
  <testcase classname="seleniumGrid.CrossBrowserUsingGrid" name="@AfterMethod methodClose" time="0.0">
    <skipped/>
  </testcase> <!-- @AfterMethod methodClose -->
  <testcase classname="seleniumGrid.CrossBrowserUsingGrid" name="@AfterMethod methodClose" time="0.0">
    <skipped/>
  </testcase> <!-- @AfterMethod methodClose -->
  <testcase classname="seleniumGrid.CrossBrowserUsingGrid" name="test1" time="0.0">
    <skipped/>
  </testcase> <!-- test1 -->
</testsuite> <!-- Test1 -->
